<?xml version="1.0" encoding="UTF-8"?>
<coverage generated="1680215043412" clover="3.2.0">
  <project timestamp="1680215043412" name="All files">
    <metrics statements="15" coveredstatements="13" conditionals="8" coveredconditionals="8" methods="2" coveredmethods="1" elements="25" coveredelements="22" complexity="0" loc="15" ncloc="15" packages="1" files="1" classes="1"/>
    <file name="FizzBuzzleSpoutnik.ts" path="C:\Users\Liece\Desktop\r203_jest2\src\metier\ex2\FizzBuzzleSpoutnik.ts">
      <metrics statements="15" coveredstatements="13" conditionals="8" coveredconditionals="8" methods="2" coveredmethods="1"/>
      <line num="2" count="0" type="stmt"/>
      <line num="3" count="0" type="stmt"/>
      <line num="8" count="11" type="stmt"/>
      <line num="9" count="11" type="stmt"/>
      <line num="10" count="11" type="stmt"/>
      <line num="12" count="11" type="cond" truecount="2" falsecount="0"/>
      <line num="13" count="5" type="stmt"/>
      <line num="15" count="11" type="cond" truecount="2" falsecount="0"/>
      <line num="16" count="5" type="stmt"/>
      <line num="18" count="11" type="cond" truecount="2" falsecount="0"/>
      <line num="19" count="5" type="stmt"/>
      <line num="21" count="11" type="stmt"/>
      <line num="22" count="11" type="cond" truecount="2" falsecount="0"/>
      <line num="23" count="1" type="stmt"/>
      <line num="25" count="11" type="stmt"/>
    </file>
  </project>
</coverage>
